#1 [internal] load local bake definitions
#1 reading from stdin 403B done
#1 DONE 0.0s

#2 [internal] load build definition from Dockerfile
#2 transferring dockerfile: 1.23kB done
#2 DONE 0.0s

#3 [auth] library/python:pull token for registry-1.docker.io
#3 DONE 0.0s

#4 [internal] load metadata for docker.io/library/python:3.11-slim
#4 DONE 1.3s

#5 [internal] load .dockerignore
#5 transferring context: 152B done
#5 DONE 0.0s

#6 [1/8] FROM docker.io/library/python:3.11-slim@sha256:8eb5fc663972b871c528fef04be4eaa9ab8ab4539a5316c4b8c133771214a617
#6 resolve docker.io/library/python:3.11-slim@sha256:8eb5fc663972b871c528fef04be4eaa9ab8ab4539a5316c4b8c133771214a617 done
#6 DONE 0.0s

#7 [internal] load build context
#7 transferring context: 437B done
#7 DONE 0.0s

#8 [2/8] RUN apt-get update  && apt-get install -y --no-install-recommends curl  && rm -rf /var/lib/apt/lists/*
#8 CACHED

#9 [3/8] WORKDIR /app
#9 CACHED

#10 [4/8] COPY requirements.txt ./
#10 CACHED

#11 [5/8] RUN pip install --no-cache-dir -r requirements.txt
#11 CACHED

#12 [6/8] COPY app ./app
#12 CACHED

#13 [7/8] COPY scripts ./scripts
#13 CACHED

#14 [8/8] RUN useradd -m -u 10001 appuser && chown -R appuser:appuser /app
#14 CACHED

#15 exporting to image
#15 exporting layers done
#15 exporting manifest sha256:36ea22fe83d8fc7c5ee969ecc2633d1156e14261827873b65330558d0280db72 done
#15 exporting config sha256:e8feb001c42f6ada200c300a72cc60d9731887ef63ee06f1859056c47a946605 done
#15 exporting attestation manifest sha256:cea667126a09b7f9fd751e2180dc575b50c9f3e2f7923545ff68207c24c514f7 done
#15 exporting manifest list sha256:4cff5e6c30f58edf50b88a7f054993d6a9338b744ec9efa57e48932946e98c3e done
#15 naming to docker.io/library/secdev-seed:latest done
#15 unpacking to docker.io/library/secdev-seed:latest done
#15 DONE 0.0s

#16 resolving provenance for metadata file
#16 DONE 0.0s
 web  Built
